<?xml version="1.0" ?>
<coverage version="7.14.2" timestamp="1785525151825" lines-valid="339" lines-covered="331" line-rate="0.9764" branches-valid="44" branches-covered="42" branch-rate="0.9545" complexity="0">
	<!-- Generated by coverage.py: https://coverage.readthedocs.io/en/7.14.2 -->
	<!-- Based on https://raw.githubusercontent.com/cobertura/web/master/htdocs/xml/coverage-04.dtd -->
	<sources>
		<source></source>
	</sources>
	<packages>
		<package name="openunderstand.oudb" line-rate="0.9764" branch-rate="0.9545" complexity="0">
			<classes>
				<class name="api.py" filename="openunderstand/oudb/api.py" complexity="0" line-rate="0.9966" branch-rate="0.9545">
					<methods/>
					<lines>
						<line number="1" hits="1"/>
						<line number="2" hits="1"/>
						<line number="3" hits="1"/>
						<line number="4" hits="1"/>
						<line number="5" hits="1"/>
						<line number="6" hits="1"/>
						<line number="7" hits="1"/>
						<line number="8" hits="1"/>
						<line number="9" hits="1"/>
						<line number="10" hits="1"/>
						<line number="11" hits="1"/>
						<line number="12" hits="1"/>
						<line number="13" hits="1"/>
						<line number="14" hits="1"/>
						<line number="15" hits="1"/>
						<line number="18" hits="1"/>
						<line number="19" hits="1"/>
						<line number="20" hits="1"/>
						<line number="21" hits="1"/>
						<line number="22" hits="1"/>
						<line number="23" hits="1"/>
						<line number="24" hits="1"/>
						<line number="25" hits="1"/>
						<line number="28" hits="1"/>
						<line number="29" hits="1"/>
						<line number="30" hits="1"/>
						<line number="31" hits="1"/>
						<line number="32" hits="1"/>
						<line number="33" hits="1"/>
						<line number="34" hits="1"/>
						<line number="35" hits="1"/>
						<line number="36" hits="1"/>
						<line number="37" hits="1"/>
						<line number="38" hits="1"/>
						<line number="39" hits="1"/>
						<line number="40" hits="1"/>
						<line number="41" hits="1"/>
						<line number="42" hits="1"/>
						<line number="43" hits="1"/>
						<line number="44" hits="1"/>
						<line number="45" hits="1"/>
						<line number="46" hits="1"/>
						<line number="47" hits="1"/>
						<line number="48" hits="1"/>
						<line number="50" hits="1"/>
						<line number="252" hits="1"/>
						<line number="253" hits="1"/>
						<line number="254" hits="1"/>
						<line number="255" hits="1"/>
						<line number="256" hits="1"/>
						<line number="257" hits="1"/>
						<line number="258" hits="1"/>
						<line number="259" hits="1"/>
						<line number="260" hits="1"/>
						<line number="261" hits="1"/>
						<line number="262" hits="1"/>
						<line number="263" hits="1"/>
						<line number="264" hits="1"/>
						<line number="265" hits="1"/>
						<line number="266" hits="1"/>
						<line number="267" hits="1"/>
						<line number="268" hits="1"/>
						<line number="270" hits="1"/>
						<line number="271" hits="1"/>
						<line number="272" hits="1"/>
						<line number="343" hits="1"/>
						<line number="349" hits="1"/>
						<line number="355" hits="1"/>
						<line number="381" hits="1"/>
						<line number="382" hits="1"/>
						<line number="383" hits="1"/>
						<line number="384" hits="1"/>
						<line number="386" hits="1"/>
						<line number="397" hits="1"/>
						<line number="399" hits="1"/>
						<line number="411" hits="1"/>
						<line number="413" hits="1" branch="true" condition-coverage="100% (2/2)"/>
						<line number="414" hits="1"/>
						<line number="417" hits="1"/>
						<line number="418" hits="1"/>
						<line number="419" hits="1"/>
						<line number="420" hits="1" branch="true" condition-coverage="100% (2/2)"/>
						<line number="421" hits="1"/>
						<line number="422" hits="1"/>
						<line number="423" hits="1" branch="true" condition-coverage="50% (1/2)" missing-branches="427"/>
						<line number="424" hits="1"/>
						<line number="427" hits="1" branch="true" condition-coverage="100% (2/2)"/>
						<line number="428" hits="1"/>
						<line number="429" hits="1"/>
						<line number="430" hits="1"/>
						<line number="432" hits="1"/>
						<line number="443" hits="1"/>
						<line number="444" hits="1"/>
						<line number="445" hits="1"/>
						<line number="446" hits="1"/>
						<line number="447" hits="1"/>
						<line number="449" hits="1"/>
						<line number="461" hits="1"/>
						<line number="463" hits="1"/>
						<line number="485" hits="1"/>
						<line number="486" hits="1"/>
						<line number="487" hits="1" branch="true" condition-coverage="100% (2/2)"/>
						<line number="488" hits="1"/>
						<line number="491" hits="1"/>
						<line number="493" hits="1"/>
						<line number="497" hits="1" branch="true" condition-coverage="100% (2/2)"/>
						<line number="498" hits="1" branch="true" condition-coverage="100% (2/2)"/>
						<line number="499" hits="1"/>
						<line number="500" hits="1"/>
						<line number="515" hits="1"/>
						<line number="523" hits="1"/>
						<line number="525" hits="1"/>
						<line number="533" hits="1"/>
						<line number="534" hits="1"/>
						<line number="535" hits="1"/>
						<line number="537" hits="1"/>
						<line number="539" hits="1"/>
						<line number="542" hits="1"/>
						<line number="543" hits="1"/>
						<line number="585" hits="1"/>
						<line number="586" hits="1"/>
						<line number="587" hits="1"/>
						<line number="588" hits="1"/>
						<line number="589" hits="1"/>
						<line number="590" hits="1"/>
						<line number="591" hits="1"/>
						<line number="592" hits="1"/>
						<line number="594" hits="1"/>
						<line number="603" hits="1"/>
						<line number="605" hits="1"/>
						<line number="616" hits="1"/>
						<line number="618" hits="1"/>
						<line number="629" hits="1"/>
						<line number="631" hits="1"/>
						<line number="647" hits="1"/>
						<line number="648" hits="1"/>
						<line number="651" hits="1" branch="true" condition-coverage="100% (2/2)"/>
						<line number="652" hits="1"/>
						<line number="656" hits="1"/>
						<line number="658" hits="1" branch="true" condition-coverage="100% (2/2)"/>
						<line number="659" hits="1" branch="true" condition-coverage="100% (2/2)"/>
						<line number="660" hits="1" branch="true" condition-coverage="100% (2/2)"/>
						<line number="661" hits="1"/>
						<line number="662" hits="1"/>
						<line number="663" hits="1"/>
						<line number="665" hits="1"/>
						<line number="691" hits="1"/>
						<line number="693" hits="1"/>
						<line number="695" hits="1"/>
						<line number="735" hits="1"/>
						<line number="746" hits="1"/>
						<line number="748" hits="1"/>
						<line number="754" hits="1"/>
						<line number="755" hits="1"/>
						<line number="757" hits="1"/>
						<line number="766" hits="1"/>
						<line number="768" hits="1"/>
						<line number="778" hits="1"/>
						<line number="780" hits="1"/>
						<line number="790" hits="1"/>
						<line number="1083" hits="1"/>
						<line number="1093" hits="1"/>
						<line number="1095" hits="1"/>
						<line number="1113" hits="1"/>
						<line number="1114" hits="1"/>
						<line number="1115" hits="1" branch="true" condition-coverage="100% (2/2)"/>
						<line number="1116" hits="1"/>
						<line number="1117" hits="1" branch="true" condition-coverage="50% (1/2)" missing-branches="1115"/>
						<line number="1118" hits="1"/>
						<line number="1119" hits="1"/>
						<line number="1121" hits="1"/>
						<line number="1127" hits="1" branch="true" condition-coverage="100% (2/2)"/>
						<line number="1128" hits="1"/>
						<line number="1129" hits="1"/>
						<line number="1130" hits="1"/>
						<line number="1132" hits="1"/>
						<line number="1141" hits="1"/>
						<line number="1143" hits="1"/>
						<line number="1151" hits="0"/>
						<line number="1216" hits="1"/>
						<line number="1226" hits="1"/>
						<line number="1228" hits="1"/>
						<line number="1238" hits="1"/>
						<line number="1240" hits="1"/>
						<line number="1249" hits="1" branch="true" condition-coverage="100% (2/2)"/>
						<line number="1250" hits="1"/>
						<line number="1251" hits="1"/>
						<line number="1253" hits="1"/>
						<line number="1267" hits="1"/>
						<line number="1269" hits="1"/>
						<line number="1278" hits="1" branch="true" condition-coverage="100% (2/2)"/>
						<line number="1279" hits="1"/>
						<line number="1280" hits="1"/>
						<line number="1282" hits="1"/>
						<line number="1284" hits="1" branch="true" condition-coverage="100% (2/2)"/>
						<line number="1285" hits="1"/>
						<line number="1286" hits="1"/>
						<line number="1288" hits="1"/>
						<line number="1290" hits="1"/>
						<line number="1292" hits="1"/>
						<line number="1294" hits="1"/>
						<line number="1296" hits="1"/>
						<line number="1298" hits="1"/>
						<line number="1300" hits="1"/>
						<line number="1302" hits="1"/>
						<line number="1304" hits="1"/>
						<line number="1306" hits="1"/>
						<line number="1308" hits="1"/>
						<line number="1310" hits="1"/>
						<line number="1312" hits="1"/>
						<line number="1313" hits="1"/>
						<line number="1315" hits="1"/>
						<line number="1316" hits="1"/>
						<line number="1319" hits="1"/>
						<line number="1320" hits="1"/>
						<line number="1342" hits="1"/>
						<line number="1343" hits="1"/>
						<line number="1344" hits="1"/>
						<line number="1346" hits="1"/>
						<line number="1348" hits="1"/>
						<line number="1354" hits="1"/>
						<line number="1356" hits="1"/>
						<line number="1363" hits="1" branch="true" condition-coverage="100% (2/2)"/>
						<line number="1364" hits="1"/>
						<line number="1365" hits="1"/>
						<line number="1366" hits="1"/>
						<line number="1368" hits="1"/>
						<line number="1369" hits="1"/>
						<line number="1379" hits="1"/>
						<line number="1382" hits="1"/>
						<line number="1383" hits="1" branch="true" condition-coverage="100% (2/2)"/>
						<line number="1384" hits="1"/>
						<line number="1385" hits="1" branch="true" condition-coverage="100% (2/2)"/>
						<line number="1386" hits="1"/>
						<line number="1387" hits="1"/>
						<line number="1389" hits="1"/>
						<line number="1390" hits="1"/>
						<line number="1400" hits="1"/>
						<line number="1403" hits="1"/>
						<line number="1404" hits="1" branch="true" condition-coverage="100% (2/2)"/>
						<line number="1405" hits="1"/>
						<line number="1406" hits="1" branch="true" condition-coverage="100% (2/2)"/>
						<line number="1407" hits="1"/>
						<line number="1408" hits="1"/>
						<line number="1410" hits="1"/>
						<line number="1419" hits="1"/>
						<line number="1421" hits="1"/>
						<line number="1429" hits="1"/>
						<line number="1431" hits="1"/>
						<line number="1433" hits="1"/>
						<line number="1435" hits="1"/>
						<line number="1437" hits="1"/>
						<line number="1440" hits="1"/>
						<line number="1441" hits="1"/>
						<line number="1456" hits="1"/>
						<line number="1457" hits="1"/>
						<line number="1458" hits="1"/>
						<line number="1459" hits="1"/>
						<line number="1460" hits="1"/>
						<line number="1461" hits="1"/>
						<line number="1462" hits="1"/>
						<line number="1464" hits="1"/>
						<line number="1470" hits="1"/>
						<line number="1472" hits="1"/>
						<line number="1478" hits="1"/>
						<line number="1479" hits="1"/>
						<line number="1481" hits="1"/>
						<line number="1487" hits="1"/>
						<line number="1488" hits="1"/>
						<line number="1490" hits="1"/>
						<line number="1497" hits="1"/>
						<line number="1499" hits="1"/>
						<line number="1505" hits="1"/>
						<line number="1506" hits="1"/>
						<line number="1508" hits="1"/>
						<line number="1516" hits="1"/>
						<line number="1518" hits="1"/>
						<line number="1524" hits="1"/>
						<line number="1526" hits="1"/>
						<line number="1534" hits="1"/>
						<line number="1536" hits="1"/>
						<line number="1542" hits="1"/>
						<line number="1543" hits="1"/>
						<line number="1545" hits="1"/>
						<line number="1547" hits="1"/>
						<line number="1549" hits="1"/>
						<line number="1551" hits="1"/>
						<line number="1554" hits="1"/>
						<line number="1556" hits="1"/>
						<line number="1557" hits="1"/>
						<line number="1559" hits="1"/>
						<line number="1562" hits="1"/>
						<line number="1591" hits="1"/>
						<line number="1593" hits="1"/>
					</lines>
				</class>
				<class name="models.py" filename="openunderstand/oudb/models.py" complexity="0" line-rate="0.8444" branch-rate="1">
					<methods/>
					<lines>
						<line number="1" hits="1"/>
						<line number="4" hits="1"/>
						<line number="9" hits="1"/>
						<line number="10" hits="1"/>
						<line number="11" hits="1"/>
						<line number="13" hits="1"/>
						<line number="15" hits="1"/>
						<line number="16" hits="0"/>
						<line number="18" hits="1"/>
						<line number="19" hits="1"/>
						<line number="21" hits="1"/>
						<line number="22" hits="1"/>
						<line number="23" hits="0"/>
						<line number="26" hits="1"/>
						<line number="27" hits="1"/>
						<line number="28" hits="1"/>
						<line number="29" hits="1"/>
						<line number="30" hits="1"/>
						<line number="31" hits="1"/>
						<line number="32" hits="1"/>
						<line number="33" hits="1"/>
						<line number="34" hits="1"/>
						<line number="36" hits="1"/>
						<line number="37" hits="0"/>
						<line number="39" hits="1"/>
						<line number="40" hits="0"/>
						<line number="45" hits="1"/>
						<line number="46" hits="1"/>
						<line number="47" hits="1"/>
						<line number="48" hits="1"/>
						<line number="49" hits="1"/>
						<line number="50" hits="1"/>
						<line number="51" hits="1"/>
						<line number="52" hits="1"/>
						<line number="54" hits="1"/>
						<line number="55" hits="0"/>
						<line number="58" hits="1"/>
						<line number="59" hits="1"/>
						<line number="60" hits="1"/>
						<line number="61" hits="1"/>
						<line number="62" hits="1"/>
						<line number="64" hits="1"/>
						<line number="65" hits="0"/>
						<line number="67" hits="1"/>
						<line number="68" hits="0"/>
					</lines>
				</class>
			</classes>
		</package>
	</packages>
</coverage>
