<?xml version="1.0" encoding="utf-8"?><testsuites name="pytest tests"><testsuite name="pytest" errors="0" failures="0" skipped="4" tests="102" time="6.927" timestamp="2026-07-31T22:42:24.996169+03:30" hostname="parsa-pc"><properties>
[...]
</properties><testcase classname="tests.generated.test_api_pynguin_curated" name="test_open_missing_database_raises_understand_error" time="0.002" /><testcase classname="tests.generated.test_api_pynguin_curated" name="test_open_rejects_any_non_file_path[]" time="0.001" /><testcase classname="tests.generated.test_api_pynguin_curated" name="test_open_rejects_any_non_file_path[no_such_file.udb]" time="0.001" /><testcase classname="tests.generated.test_api_pynguin_curated" name="test_open_rejects_any_non_file_path[.]" time="0.001" /><testcase classname="tests.generated.test_api_pynguin_curated" name="test_ref_accessors_tolerate_unpopulated_fields" time="0.001" /><testcase classname="tests.property.test_api_properties" name="test_check_is_exactly_case_insensitive_containment" time="0.246" /><testcase classname="tests.property.test_api_properties" name="test_empty_filter_always_matches" time="0.169" /><testcase classname="tests.property.test_api_properties" name="test_kind_matches_its_own_name" time="0.166" /><testcase classname="tests.property.test_api_properties" name="test_every_substring_of_the_name_matches" time="0.204" /><testcase classname="tests.property.test_api_properties" name="test_check_is_case_insensitive_for_ascii" time="0.211" /><testcase classname="tests.property.test_api_properties" name="test_case_folding_is_not_round_trip_safe_outside_ascii" time="0.001" /><testcase classname="tests.property.test_api_properties" name="test_longname_str_and_repr_all_agree" time="0.182" /><testcase classname="tests.property.test_api_properties" name="test_simplename_never_contains_a_dot" time="0.165" /><testcase classname="tests.property.test_api_properties" name="test_simplename_is_the_last_dotted_segment" time="0.344" /><testcase classname="tests.property.test_api_properties" name="test_simplename_is_a_suffix_of_name" time="0.161" /><testcase classname="tests.property.test_api_properties" name="test_equality_is_reflexive" time="0.139" /><testcase classname="tests.property.test_api_properties" name="test_equality_is_symmetric" time="0.218" /><testcase classname="tests.property.test_api_properties" name="test_equal_entities_hash_equally" time="0.187" /><testcase classname="tests.property.test_api_properties" name="test_hash_is_the_hash_of_the_id" time="0.138" /><testcase classname="tests.property.test_api_properties" name="test_comparison_with_a_non_entity_is_not_implemented" time="0.234" /><testcase classname="tests.property.test_api_properties" name="test_value_returns_none_only_for_none" time="0.213" /><testcase classname="tests.property.test_api_properties" name="test_type_returns_none_only_for_none" time="0.239" /><testcase classname="tests.property.test_api_properties" name="test_string_accessors_always_return_str" time="0.254" /><testcase classname="tests.property.test_api_properties" name="test_str_is_name_and_repr_is_longname" time="0.216" /><testcase classname="tests.property.test_api_properties" name="test_relative_file_name_preserves_the_basename" time="0.065"><skipped type="pytest.xfail" message="FAULT #5: Db.relative_file_name() uses os.path.commonprefix, which is character-wise rather than path-component-wise, so it can strip a partial directory name and return a path that escapes the project root. Found by Hypothesis. See docs/FAULTS.md." /></testcase><testcase classname="tests.property.test_api_properties" name="test_relative_file_name_can_escape_the_project_root" time="0.001" /><testcase classname="tests.property.test_api_properties" name="test_relative_file_name_is_relative" time="0.397" /><testcase classname="tests.property.test_api_properties" name="test_ref_reports_the_position_it_was_built_with" time="0.192" /><testcase classname="tests.unit.test_entity_and_db" name="test_name_and_longname" time="0.009" /><testcase classname="tests.unit.test_entity_and_db" name="test_simplename_strips_dotted_path" time="0.008" /><testcase classname="tests.unit.test_entity_and_db" name="test_type_returns_declared_type" time="0.008" /><testcase classname="tests.unit.test_entity_and_db" name="test_contents_returns_source" time="0.008" /><testcase classname="tests.unit.test_entity_and_db" name="test_language_is_java" time="0.008" /><testcase classname="tests.unit.test_entity_and_db" name="test_id_returns_primary_key" time="0.007" /><testcase classname="tests.unit.test_entity_and_db" name="test_kind_returns_entity_kind" time="0.008" /><testcase classname="tests.unit.test_entity_and_db" name="test_kindname_matches_kind_name" time="0.010" /><testcase classname="tests.unit.test_entity_and_db" name="test_root_entity_has_no_parent" time="0.007" /><testcase classname="tests.unit.test_entity_and_db" name="test_child_resolves_immediate_parent" time="0.008" /><testcase classname="tests.unit.test_entity_and_db" name="test_parent_chain_walks_to_root" time="0.011" /><testcase classname="tests.unit.test_entity_and_db" name="test_ents_returns_referenced_entities" time="0.009" /><testcase classname="tests.unit.test_entity_and_db" name="test_ents_filtered_by_entity_kind" time="0.010" /><testcase classname="tests.unit.test_entity_and_db" name="test_ents_filtered_by_non_matching_entity_kind" time="0.011" /><testcase classname="tests.unit.test_entity_and_db" name="test_ents_without_a_ref_kind_filter_returns_every_kind" time="0.012" /><testcase classname="tests.unit.test_entity_and_db" name="test_ents_skips_non_matching_refs_instead_of_stopping" time="0.010" /><testcase classname="tests.unit.test_entity_and_db" name="test_parameters_only_reads_direct_children" time="0.011" /><testcase classname="tests.unit.test_entity_and_db" name="test_depends_and_dependsby_are_empty_dicts" time="0.007" /><testcase classname="tests.unit.test_entity_and_db" name="test_filerefs_returns_empty_list" time="0.007" /><testcase classname="tests.unit.test_entity_and_db" name="test_db_name_and_language" time="0.007" /><testcase classname="tests.unit.test_entity_and_db" name="test_db_ents_returns_all_entities" time="0.010" /><testcase classname="tests.unit.test_entity_and_db" name="test_db_ents_filtered_by_kind" time="0.009" /><testcase classname="tests.unit.test_entity_and_db" name="test_db_ents_unknown_kind_returns_empty" time="0.010" /><testcase classname="tests.unit.test_entity_and_db" name="test_ent_from_id_roundtrip" time="0.008" /><testcase classname="tests.unit.test_entity_and_db" name="test_ent_from_id_unknown_returns_none" time="0.008" /><testcase classname="tests.unit.test_entity_and_db" name="test_lookup_with_kind_filter_finds_entity" time="0.010" /><testcase classname="tests.unit.test_entity_and_db" name="test_relative_file_name" time="0.007" /><testcase classname="tests.unit.test_entity_and_db" name="test_lookup_without_kind_filter_should_find_entities" time="0.011"><skipped type="pytest.xfail" message="FAULT #2: Db.lookup(name) with no kindstring always returns [] because the final re.search uses the literal pattern 'java\\s+None'. See docs/FAULTS.md." /></testcase><testcase classname="tests.unit.test_entity_and_db" name="test_multi_pass_analysis_placeholder" time="0.001"><skipped type="pytest.skip" message="Multi-pass analysis is a property of the parser/listener stage (openunderstand.ounderstand), intentionally stubbed for isolated unit testing of the api/db layer; validated via oracle/differential testing.">C:\Users\parsa\Desktop\advanced test question 3\OpenUnderstand\tests\unit\test_entity_and_db.py:221: Multi-pass analysis is a property of the parser/listener stage (openunderstand.ounderstand), intentionally stubbed for isolated unit testing of the api/db layer; validated via oracle/differential testing.</skipped></testcase><testcase classname="tests.unit.test_kind" name="test_name_returns_kind_name" time="0.007" /><testcase classname="tests.unit.test_kind" name="test_longname_equals_name" time="0.006" /><testcase classname="tests.unit.test_kind" name="test_str_and_repr_are_the_name" time="0.006" /><testcase classname="tests.unit.test_kind" name="test_is_ent_kind_flag" time="0.006" /><testcase classname="tests.unit.test_kind" name="test_check_matches_case_insensitive_substring" time="0.007" /><testcase classname="tests.unit.test_kind" name="test_check_returns_false_for_non_substring" time="0.007" /><testcase classname="tests.unit.test_kind" name="test_check_empty_string_is_true_edge_case" time="0.006" /><testcase classname="tests.unit.test_kind" name="test_list_entity_returns_all_entity_kinds" time="0.007" /><testcase classname="tests.unit.test_kind" name="test_list_entity_returns_kind_instances" time="0.006" /><testcase classname="tests.unit.test_kind" name="test_list_entity_filter_matches_subset" time="0.007" /><testcase classname="tests.unit.test_kind" name="test_list_entity_no_match_falls_back_to_all" time="0.006" /><testcase classname="tests.unit.test_kind" name="test_list_entity_never_returns_reference_kinds" time="0.007" /><testcase classname="tests.unit.test_kind" name="test_list_reference_returns_all_reference_kinds" time="0.006" /><testcase classname="tests.unit.test_kind" name="test_list_reference_filter_matches_subset" time="0.007" /><testcase classname="tests.unit.test_kind" name="test_list_reference_no_match_falls_back_to_all" time="0.006" /><testcase classname="tests.unit.test_kind" name="test_list_reference_never_returns_entity_kinds" time="0.007" /><testcase classname="tests.unit.test_kind" name="test_inv_on_entity_kind_raises_understand_error" time="0.006" /><testcase classname="tests.unit.test_kind" name="test_inv_on_reference_kind_returns_forward_kind" time="0.006"><skipped type="pytest.xfail" message="FAULT #1: Kind.inv() calls inverse.__data__.get('__data__') which is None (should be inverse.__dict__.get('__data__')), so Kind(**None) raises TypeError. See docs/FAULTS.md." /></testcase><testcase classname="tests.unit.test_misc" name="test_version_returns_semver_string" time="0.001" /><testcase classname="tests.unit.test_misc" name="test_understand_error_is_exception" time="0.001" /><testcase classname="tests.unit.test_misc" name="test_db_close_returns_none" time="0.008" /><testcase classname="tests.unit.test_misc" name="test_db_str_is_name" time="0.007" /><testcase classname="tests.unit.test_misc" name="test_parameters_lists_method_parameters" time="0.008" /><testcase classname="tests.unit.test_misc" name="test_parameters_returns_none_when_no_parameters" time="0.007" /><testcase classname="tests.unit.test_misc" name="test_value_returns_string_when_set" time="0.007" /><testcase classname="tests.unit.test_misc" name="test_value_returns_none_when_unset" time="0.001" /><testcase classname="tests.unit.test_misc" name="test_type_returns_none_when_unset" time="0.000" /><testcase classname="tests.unit.test_misc" name="test_freetext_parsetime_relname_uniquename_defaults" time="0.007" /><testcase classname="tests.unit.test_misc" name="test_eq_same_id" time="0.009" /><testcase classname="tests.unit.test_misc" name="test_eq_different_id" time="0.008" /><testcase classname="tests.unit.test_misc" name="test_eq_with_non_ent_is_not_implemented" time="0.007" /><testcase classname="tests.unit.test_misc" name="test_hash_is_hash_of_id" time="0.008" /><testcase classname="tests.unit.test_misc" name="test_str_and_repr" time="0.008" /><testcase classname="tests.unit.test_misc" name="test_unimplemented_orderings_return_none" time="0.008" /><testcase classname="tests.unit.test_ref" name="test_line_and_column" time="0.008" /><testcase classname="tests.unit.test_ref" name="test_isforward_is_false" time="0.009" /><testcase classname="tests.unit.test_ref" name="test_macroexpansion_is_empty_string" time="0.007" /><testcase classname="tests.unit.test_ref" name="test_kind_returns_kind_object" time="0.008" /><testcase classname="tests.unit.test_ref" name="test_kindname_matches_kind_name" time="0.008" /><testcase classname="tests.unit.test_ref" name="test_ent_returns_referenced_entity" time="0.009" /><testcase classname="tests.unit.test_ref" name="test_file_returns_file_entity" time="0.007" /><testcase classname="tests.unit.test_ref" name="test_scope_returns_scope_entity" time="0.007" /><testcase classname="tests.unit.test_ref" name="test_str_contains_kind_and_location" time="0.008" /><testcase classname="tests.unit.test_ref" name="test_repr_equals_str" time="0.011" /><testcase classname="tests.unit.test_ref" name="test_ent_for_unknown_id_raises_does_not_exist" time="0.008" /></testsuite></testsuites>